============================================================
  Generated by:           Genus(TM) Synthesis Solution 21.14-s082_1
  Generated on:           Jun 24 2026  12:01:37 pm
  Module:                 booth_multiplier
  Operating conditions:   slow (balanced_tree)
  Wireload mode:          enclosed
  Area mode:              timing library
============================================================

                              
   Gate    Instances   Area   Library 
--------------------------------------
AND2X1             1    4.541    slow 
AND2XL             1    4.541    slow 
AOI21X1            3   13.624    slow 
AOI21XL            5   22.707    slow 
AOI222XL           1    8.326    slow 
AOI22X1            1    6.055    slow 
AOI22XL            2   12.110    slow 
AOI2BB1X1          1    6.055    slow 
AOI31X1            1    6.055    slow 
BUFX2              2    9.083    slow 
CLKBUFX2           3   13.624    slow 
CLKINVX1          13   29.519    slow 
CLKINVX2           6   22.707    slow 
CLKINVX3           2    9.083    slow 
CLKINVX6           2   13.624    slow 
CLKINVX8           1    9.083    slow 
DFFHQX1            8  133.214    slow 
DFFHQX2            4   69.635    slow 
DFFQX1             1   15.895    slow 
DFFQX4             1   19.679    slow 
DLY2X1             1   14.381    slow 
INVX1              2    4.541    slow 
INVX3              1    4.541    slow 
INVXL              7   15.895    slow 
MDFFHQX2           1   23.464    slow 
MXI2XL             1    6.055    slow 
NAND2BX1           2    9.083    slow 
NAND2BXL           2    9.083    slow 
NAND2X1           10   37.845    slow 
NAND2X2            1    6.055    slow 
NAND2X4            1    9.840    slow 
NAND2X6            1   14.381    slow 
NAND2XL           13   39.359    slow 
NAND3X1            3   13.624    slow 
NAND3XL            2    9.083    slow 
NAND4XL            1    5.298    slow 
NOR2BX1            4   18.166    slow 
NOR2BX2            1    6.812    slow 
NOR2X1             2    7.569    slow 
NOR2X2             2   12.110    slow 
NOR2X4             3   29.519    slow 
NOR2X8             2   33.304    slow 
NOR2XL             9   27.248    slow 
NOR3BX2            1    9.840    slow 
NOR3X1             1    4.541    slow 
NOR3X2             1    9.083    slow 
NOR3X6             1   21.193    slow 
NOR3X8             1   27.248    slow 
OAI211X1           1    5.298    slow 
OAI21X1           13   59.038    slow 
OAI21XL            4   18.166    slow 
OAI22X1            1    6.055    slow 
OAI2BB1X1          1    5.298    slow 
OAI32X1            1    6.812    slow 
OR2X1              1    4.541    slow 
--------------------------------------
total            158  963.534         


                                        
     Type      Instances   Area  Area % 
----------------------------------------
sequential            15 261.887   27.2 
inverter              34 108.994   11.3 
buffer                 6  37.088    3.8 
logic                103 555.565   57.7 
physical_cells         0   0.000    0.0 
----------------------------------------
total                158 963.534  100.0 

