============================================================
  Generated by:           Genus(TM) Synthesis Solution 21.14-s082_1
  Generated on:           Jun 24 2026  12:01:37 pm
  Module:                 booth_multiplier
  Operating conditions:   slow (balanced_tree)
  Wireload mode:          enclosed
  Area mode:              timing library
============================================================


Path 1: VIOLATED (-357 ps) Late External Delay Assertion at pin P[4]
          Group: clk
     Startpoint: (R) A_reg[0]/CK
          Clock: (R) clk
       Endpoint: (F) P[4]
          Clock: (R) clk

                     Capture       Launch     
        Clock Edge:+    1000            0     
       Src Latency:+       0            0     
       Net Latency:+       0 (I)        0 (I) 
           Arrival:=    1000            0     
                                              
      Output Delay:-    1000                  
     Required Time:=       0                  
      Launch Clock:-       0                  
         Data Path:-     357                  
             Slack:=    -357                  

Exceptions/Constraints:
  output_delay             1000            booth.sdc_line_6_11_1 

#---------------------------------------------------------------------------------------
# Timing Point   Flags   Arc   Edge   Cell     Fanout Load Trans Delay Arrival Instance 
#                                                     (fF)  (ps)  (ps)   (ps)  Location 
#---------------------------------------------------------------------------------------
  A_reg[0]/CK    -       -     R     (arrival)     15    -   100     0       0    (-,-) 
  A_reg[0]/Q     -       CK->Q F     DFFHQX1        4  6.0    64   357     357    (-,-) 
  P[4]           <<<     -     F     (port)         -    -     -     0     357    (-,-) 
#---------------------------------------------------------------------------------------

